<?xml version="1.0" encoding="UTF-8"?>
<!-- Generated by org.testng.reporters.JUnitReportReporter -->
<testsuite hostname="DESKTOP-2PNO6S9" failures="0" tests="1" name="projectApiAutomation.SpecifiedPlanetDetailsTest" time="3.462" errors="0" timestamp="2021-03-16T22:02:26 EDT" skipped="0">
  <testcase classname="projectApiAutomation.SpecifiedPlanetDetailsTest" name="getCharacterDetailPeople3Test" time="3.462"/>
  <system-out/>
</testsuite> <!-- projectApiAutomation.SpecifiedPlanetDetailsTest -->
