<?xml version="1.0" encoding="UTF-8"?>
<!-- Generated by org.testng.reporters.JUnitReportReporter -->
<testsuite hostname="DESKTOP-2PNO6S9" failures="0" tests="1" name="projectApiAutomation.CharacterListTest" time="3.513" errors="0" timestamp="2021-03-16T21:47:33 EDT" skipped="0">
  <testcase classname="projectApiAutomation.CharacterListTest" name="getCharacterListTest" time="3.513"/>
  <system-out/>
</testsuite> <!-- projectApiAutomation.CharacterListTest -->
