<?xml version="1.0" encoding="UTF-8"?>
<!-- Generated by org.testng.reporters.JUnitReportReporter -->
<testsuite hostname="DESKTOP-2PNO6S9" failures="0" tests="1" name="projectApiAutomation.DetailOFCharacter" time="3.701" errors="0" timestamp="2021-03-16T22:01:09 EDT" skipped="0">
  <testcase classname="projectApiAutomation.DetailOFCharacter" name="getCharacterDetailPeople1Test" time="3.701"/>
  <system-out/>
</testsuite> <!-- projectApiAutomation.DetailOFCharacter -->
