<?xml version="1.0" encoding="UTF-8"?>
<!-- Generated by org.testng.reporters.JUnitReportReporter -->
<testsuite hostname="DESKTOP-2PNO6S9" failures="0" tests="3" name="projectApiAutomation.SpecificCharactersListTest" time="3.535" errors="0" timestamp="2021-03-16T21:47:33 EDT" skipped="0">
  <testcase classname="projectApiAutomation.SpecificCharactersListTest" name="getCharacterDetailPeople1Test" time="1.834"/>
  <system-out/>
  <testcase classname="projectApiAutomation.SpecificCharactersListTest" name="getCharacterDetailPeople2Test" time="0.934"/>
  <system-out/>
  <testcase classname="projectApiAutomation.SpecificCharactersListTest" name="getCharacterDetailPeople3Test" time="0.767"/>
  <system-out/>
</testsuite> <!-- projectApiAutomation.SpecificCharactersListTest -->
